<?xml version="1.0" encoding="UTF-8"?>
<!-- Generated by org.testng.reporters.JUnitXMLReporter -->
<testsuite ignored="0" hostname="ASUS-Jogesh" failures="0" tests="1" name="Test" time="0.12" errors="0" timestamp="2020-12-21T13:24:44 IST">
  <testcase classname="Subscribe.TestRunnerSubscribe" name="@BeforeClass setUpClass" time="0.054">
    <failure type="java.lang.NoSuchMethodError" message="&amp;apos;java.util.List cucumber.runtime.RuntimeOptions.getPluginFormatterNames()&amp;apos;">
      <![CDATA[java.lang.NoSuchMethodError: 'java.util.List cucumber.runtime.RuntimeOptions.getPluginFormatterNames()'
at cucumber.runtime.formatter.Plugins.createPlugins(Plugins.java:64)
at cucumber.runtime.formatter.Plugins.<init>(Plugins.java:37)
at cucumber.api.testng.TestNGCucumberRunner.<init>(TestNGCucumberRunner.java:56)
at Subscribe.TestRunnerSubscribe.setUpClass(TestRunnerSubscribe.java:63)
at java.base/java.util.ArrayList.forEach(ArrayList.java:1511)
... Removed 25 stack frames]]>
    </failure>
  </testcase> <!-- @BeforeClass setUpClass -->
  <testcase classname="Subscribe.TestRunnerSubscribe" name="@AfterClass tearDownClass" time="0.002">
    <failure type="java.lang.NullPointerException" message="Cannot invoke &amp;quot;cucumber.api.testng.TestNGCucumberRunner.finish()&amp;quot; because &amp;quot;this.testNGCucumberRunner&amp;quot; is null">
      <![CDATA[java.lang.NullPointerException: Cannot invoke "cucumber.api.testng.TestNGCucumberRunner.finish()" because "this.testNGCucumberRunner" is null
at Subscribe.TestRunnerSubscribe.tearDownClass(TestRunnerSubscribe.java:80)
at java.base/java.util.ArrayList.forEach(ArrayList.java:1511)
... Removed 25 stack frames]]>
    </failure>
  </testcase> <!-- @AfterClass tearDownClass -->
  <testcase classname="Subscribe.TestRunnerSubscribe" name="feature" time="0.0">
    <skipped/>
  </testcase> <!-- feature -->
</testsuite> <!-- Test -->
